To see the log, in another terminal window run the following command:
tail -f spark-submit_1481611943N.log

Timestamp: 1481611943N
Date: 2016-12-12 22:52:23
VERSION: 1.0.6

Command invocation: spark-submit.sh --vcap vcap.json --jars lib/Untitled.jar --class SimpleApp --master https://spark.bluemix.net target/scala-2.11/simple-project_2.11-1.0.jar --deploy-mode cluster --conf spark.service.spark_version=1.6

Contents of vcap.json:
{
  "tenant_id": "s154-ebfc2a3b06f1f1-5b69a5467584",
  "tenant_id_full": "63f1c5fd-503b-488b-a154-ebfc2a3b06f1_c08be3a9-1202-4a38-a4f1-5b69a5467584",
  "cluster_master_url": "https://spark.bluemix.net",
  "instance_id": "63f1c5fd-503b-488b-a154-ebfc2a3b06f1",
  "tenant_secret": "c7b8217d-0d33-4fa4-949f-8b73b7fa7484",
  "plan": "ibm.SparkService.PayGoPersonal"
}
Values passed with --conf option...

	spark.service.spark_version : 1.6 

Uploading lib/Untitled.jar
local2server command: curl  -X PUT -u s154-ebfc2a3b06f1f1-5b69a5467584:c7b8217d-0d33-4fa4-949f-8b73b7fa7484 -H 'X-Spark-service-instance-id: 63f1c5fd-503b-488b-a154-ebfc2a3b06f1' --data-binary '@lib/Untitled.jar' https://spark.bluemix.net/tenant/data/51ebe44be78fc51ebfaeadd56b45da6b0973699c/Untitled.jar
local2server result: {"url":"https://spark.bluemix.net/tenant/data/51ebe44be78fc51ebfaeadd56b45da6b0973699c/Untitled.jar"}

Uploading target/scala-2.11/simple-project_2.11-1.0.jar
local2server command: curl  -X PUT -u s154-ebfc2a3b06f1f1-5b69a5467584:c7b8217d-0d33-4fa4-949f-8b73b7fa7484 -H 'X-Spark-service-instance-id: 63f1c5fd-503b-488b-a154-ebfc2a3b06f1' --data-binary '@target/scala-2.11/simple-project_2.11-1.0.jar' https://spark.bluemix.net/tenant/data/51ebe44be78fc51ebfaeadd56b45da6b0973699c/simple-project_2.11-1.0.jar
local2server result: {"url":"https://spark.bluemix.net/tenant/data/51ebe44be78fc51ebfaeadd56b45da6b0973699c/simple-project_2.11-1.0.jar"}

Submitting Job
Submit job command: curl  -X POST -H 'X-Requested-With: spark-submit' --data-binary '{ "action" : "CreateSubmissionRequest", "appArgs" : [ ], "appResource" : "51ebe44be78fc51ebfaeadd56b45da6b0973699c/simple-project_2.11-1.0.jar", "clientSparkVersion" : "1.6", "mainClass" : "SimpleApp", "sparkProperties" : { "spark.app.name" : "SimpleApp", "spark.jars" : "51ebe44be78fc51ebfaeadd56b45da6b0973699c/Untitled.jar,51ebe44be78fc51ebfaeadd56b45da6b0973699c/simple-project_2.11-1.0.jar", "spark.service.spark_version" : "1.6", "spark.service.tenant_id" : "s154-ebfc2a3b06f1f1-5b69a5467584", "spark.service.instance_id" : "63f1c5fd-503b-488b-a154-ebfc2a3b06f1", "spark.service.tenant_secret" : "c7b8217d-0d33-4fa4-949f-8b73b7fa7484" }}' https://spark.bluemix.net/v1/submissions/create
Submit job result: {
  "action" : "CreateSubmissionResponse",
  "message" : "Driver successfully submitted as driver-20161213005238-0448-cdab5072-ee23-4eeb-8287-3a525481a3ab",
  "serverSparkVersion" : "1.6.0",
  "submissionId" : "driver-20161213005238-0448-cdab5072-ee23-4eeb-8287-3a525481a3ab",
  "success" : true
}

Submission ID: driver-20161213005238-0448-cdab5072-ee23-4eeb-8287-3a525481a3ab

Job submitted : driver-20161213005238-0448-cdab5072-ee23-4eeb-8287-3a525481a3ab

Polling job status.  Poll #1.

Getting status
call_status_REST command: curl  -X GET -H 'X-Requested-With: spark-submit' -i --data-binary '{ "sparkProperties" : { "spark.service.tenant_id" : "s154-ebfc2a3b06f1f1-5b69a5467584", "spark.service.instance_id" : "63f1c5fd-503b-488b-a154-ebfc2a3b06f1", "spark.service.tenant_secret" : "c7b8217d-0d33-4fa4-949f-8b73b7fa7484", "spark.service.spark_version" : "1.6" }}' https://spark.bluemix.net/v1/submissions/status/driver-20161213005238-0448-cdab5072-ee23-4eeb-8287-3a525481a3ab
call_status_REST result: HTTP/1.1 200 OK
Server: nginx
Date: Tue, 13 Dec 2016 06:52:39 GMT
Content-Type: application/json;charset=utf-8
Content-Length: 212
Connection: keep-alive

{
  "action" : "SubmissionStatusResponse",
  "driverState" : "RUNNING",
  "serverSparkVersion" : "1.6.0",
  "submissionId" : "driver-20161213005238-0448-cdab5072-ee23-4eeb-8287-3a525481a3ab",
  "success" : true
}
driverStatus is RUNNING
Next poll in 10 seconds.

Polling job status.  Poll #2.

Getting status
call_status_REST command: curl  -X GET -H 'X-Requested-With: spark-submit' -i --data-binary '{ "sparkProperties" : { "spark.service.tenant_id" : "s154-ebfc2a3b06f1f1-5b69a5467584", "spark.service.instance_id" : "63f1c5fd-503b-488b-a154-ebfc2a3b06f1", "spark.service.tenant_secret" : "c7b8217d-0d33-4fa4-949f-8b73b7fa7484", "spark.service.spark_version" : "1.6" }}' https://spark.bluemix.net/v1/submissions/status/driver-20161213005238-0448-cdab5072-ee23-4eeb-8287-3a525481a3ab
call_status_REST result: HTTP/1.1 200 OK
Server: nginx
Date: Tue, 13 Dec 2016 06:52:51 GMT
Content-Type: application/json;charset=utf-8
Content-Length: 212
Connection: keep-alive

{
  "action" : "SubmissionStatusResponse",
  "driverState" : "RUNNING",
  "serverSparkVersion" : "1.6.0",
  "submissionId" : "driver-20161213005238-0448-cdab5072-ee23-4eeb-8287-3a525481a3ab",
  "success" : true
}
driverStatus is RUNNING
Next poll in 10 seconds.

Polling job status.  Poll #3.

Getting status
call_status_REST command: curl  -X GET -H 'X-Requested-With: spark-submit' -i --data-binary '{ "sparkProperties" : { "spark.service.tenant_id" : "s154-ebfc2a3b06f1f1-5b69a5467584", "spark.service.instance_id" : "63f1c5fd-503b-488b-a154-ebfc2a3b06f1", "spark.service.tenant_secret" : "c7b8217d-0d33-4fa4-949f-8b73b7fa7484", "spark.service.spark_version" : "1.6" }}' https://spark.bluemix.net/v1/submissions/status/driver-20161213005238-0448-cdab5072-ee23-4eeb-8287-3a525481a3ab
call_status_REST result: HTTP/1.1 200 OK
Server: nginx
Date: Tue, 13 Dec 2016 06:53:03 GMT
Content-Type: application/json;charset=utf-8
Content-Length: 212
Connection: keep-alive

{
  "action" : "SubmissionStatusResponse",
  "driverState" : "RUNNING",
  "serverSparkVersion" : "1.6.0",
  "submissionId" : "driver-20161213005238-0448-cdab5072-ee23-4eeb-8287-3a525481a3ab",
  "success" : true
}
driverStatus is RUNNING
Next poll in 10 seconds.

Polling job status.  Poll #4.

Getting status
call_status_REST command: curl  -X GET -H 'X-Requested-With: spark-submit' -i --data-binary '{ "sparkProperties" : { "spark.service.tenant_id" : "s154-ebfc2a3b06f1f1-5b69a5467584", "spark.service.instance_id" : "63f1c5fd-503b-488b-a154-ebfc2a3b06f1", "spark.service.tenant_secret" : "c7b8217d-0d33-4fa4-949f-8b73b7fa7484", "spark.service.spark_version" : "1.6" }}' https://spark.bluemix.net/v1/submissions/status/driver-20161213005238-0448-cdab5072-ee23-4eeb-8287-3a525481a3ab
call_status_REST result: HTTP/1.1 200 OK
Server: nginx
Date: Tue, 13 Dec 2016 06:53:15 GMT
Content-Type: application/json;charset=utf-8
Content-Length: 212
Connection: keep-alive

{
  "action" : "SubmissionStatusResponse",
  "driverState" : "RUNNING",
  "serverSparkVersion" : "1.6.0",
  "submissionId" : "driver-20161213005238-0448-cdab5072-ee23-4eeb-8287-3a525481a3ab",
  "success" : true
}
driverStatus is RUNNING
Next poll in 10 seconds.

Polling job status.  Poll #5.

Getting status
call_status_REST command: curl  -X GET -H 'X-Requested-With: spark-submit' -i --data-binary '{ "sparkProperties" : { "spark.service.tenant_id" : "s154-ebfc2a3b06f1f1-5b69a5467584", "spark.service.instance_id" : "63f1c5fd-503b-488b-a154-ebfc2a3b06f1", "spark.service.tenant_secret" : "c7b8217d-0d33-4fa4-949f-8b73b7fa7484", "spark.service.spark_version" : "1.6" }}' https://spark.bluemix.net/v1/submissions/status/driver-20161213005238-0448-cdab5072-ee23-4eeb-8287-3a525481a3ab
call_status_REST result: HTTP/1.1 200 OK
Server: nginx
Date: Tue, 13 Dec 2016 06:53:26 GMT
Content-Type: application/json;charset=utf-8
Content-Length: 212
Connection: keep-alive

{
  "action" : "SubmissionStatusResponse",
  "driverState" : "RUNNING",
  "serverSparkVersion" : "1.6.0",
  "submissionId" : "driver-20161213005238-0448-cdab5072-ee23-4eeb-8287-3a525481a3ab",
  "success" : true
}
driverStatus is RUNNING
Next poll in 10 seconds.

Polling job status.  Poll #6.

Getting status
call_status_REST command: curl  -X GET -H 'X-Requested-With: spark-submit' -i --data-binary '{ "sparkProperties" : { "spark.service.tenant_id" : "s154-ebfc2a3b06f1f1-5b69a5467584", "spark.service.instance_id" : "63f1c5fd-503b-488b-a154-ebfc2a3b06f1", "spark.service.tenant_secret" : "c7b8217d-0d33-4fa4-949f-8b73b7fa7484", "spark.service.spark_version" : "1.6" }}' https://spark.bluemix.net/v1/submissions/status/driver-20161213005238-0448-cdab5072-ee23-4eeb-8287-3a525481a3ab
call_status_REST result: HTTP/1.1 200 OK
Server: nginx
Date: Tue, 13 Dec 2016 06:53:38 GMT
Content-Type: application/json;charset=utf-8
Content-Length: 212
Connection: keep-alive

{
  "action" : "SubmissionStatusResponse",
  "driverState" : "RUNNING",
  "serverSparkVersion" : "1.6.0",
  "submissionId" : "driver-20161213005238-0448-cdab5072-ee23-4eeb-8287-3a525481a3ab",
  "success" : true
}
driverStatus is RUNNING
Next poll in 10 seconds.

Polling job status.  Poll #7.

Getting status
call_status_REST command: curl  -X GET -H 'X-Requested-With: spark-submit' -i --data-binary '{ "sparkProperties" : { "spark.service.tenant_id" : "s154-ebfc2a3b06f1f1-5b69a5467584", "spark.service.instance_id" : "63f1c5fd-503b-488b-a154-ebfc2a3b06f1", "spark.service.tenant_secret" : "c7b8217d-0d33-4fa4-949f-8b73b7fa7484", "spark.service.spark_version" : "1.6" }}' https://spark.bluemix.net/v1/submissions/status/driver-20161213005238-0448-cdab5072-ee23-4eeb-8287-3a525481a3ab
call_status_REST result: HTTP/1.1 200 OK
Server: nginx
Date: Tue, 13 Dec 2016 06:53:50 GMT
Content-Type: application/json;charset=utf-8
Content-Length: 212
Connection: keep-alive

{
  "action" : "SubmissionStatusResponse",
  "driverState" : "RUNNING",
  "serverSparkVersion" : "1.6.0",
  "submissionId" : "driver-20161213005238-0448-cdab5072-ee23-4eeb-8287-3a525481a3ab",
  "success" : true
}
driverStatus is RUNNING
Next poll in 10 seconds.

Polling job status.  Poll #8.

Getting status
call_status_REST command: curl  -X GET -H 'X-Requested-With: spark-submit' -i --data-binary '{ "sparkProperties" : { "spark.service.tenant_id" : "s154-ebfc2a3b06f1f1-5b69a5467584", "spark.service.instance_id" : "63f1c5fd-503b-488b-a154-ebfc2a3b06f1", "spark.service.tenant_secret" : "c7b8217d-0d33-4fa4-949f-8b73b7fa7484", "spark.service.spark_version" : "1.6" }}' https://spark.bluemix.net/v1/submissions/status/driver-20161213005238-0448-cdab5072-ee23-4eeb-8287-3a525481a3ab
call_status_REST result: HTTP/1.1 200 OK
Server: nginx
Date: Tue, 13 Dec 2016 06:54:02 GMT
Content-Type: application/json;charset=utf-8
Content-Length: 212
Connection: keep-alive

{
  "action" : "SubmissionStatusResponse",
  "driverState" : "RUNNING",
  "serverSparkVersion" : "1.6.0",
  "submissionId" : "driver-20161213005238-0448-cdab5072-ee23-4eeb-8287-3a525481a3ab",
  "success" : true
}
driverStatus is RUNNING
Next poll in 10 seconds.

Polling job status.  Poll #9.

Getting status
call_status_REST command: curl  -X GET -H 'X-Requested-With: spark-submit' -i --data-binary '{ "sparkProperties" : { "spark.service.tenant_id" : "s154-ebfc2a3b06f1f1-5b69a5467584", "spark.service.instance_id" : "63f1c5fd-503b-488b-a154-ebfc2a3b06f1", "spark.service.tenant_secret" : "c7b8217d-0d33-4fa4-949f-8b73b7fa7484", "spark.service.spark_version" : "1.6" }}' https://spark.bluemix.net/v1/submissions/status/driver-20161213005238-0448-cdab5072-ee23-4eeb-8287-3a525481a3ab
call_status_REST result: HTTP/1.1 200 OK
Server: nginx
Date: Tue, 13 Dec 2016 06:54:13 GMT
Content-Type: application/json;charset=utf-8
Content-Length: 212
Connection: keep-alive

{
  "action" : "SubmissionStatusResponse",
  "driverState" : "RUNNING",
  "serverSparkVersion" : "1.6.0",
  "submissionId" : "driver-20161213005238-0448-cdab5072-ee23-4eeb-8287-3a525481a3ab",
  "success" : true
}
driverStatus is RUNNING
Next poll in 10 seconds.

Polling job status.  Poll #10.

Getting status
call_status_REST command: curl  -X GET -H 'X-Requested-With: spark-submit' -i --data-binary '{ "sparkProperties" : { "spark.service.tenant_id" : "s154-ebfc2a3b06f1f1-5b69a5467584", "spark.service.instance_id" : "63f1c5fd-503b-488b-a154-ebfc2a3b06f1", "spark.service.tenant_secret" : "c7b8217d-0d33-4fa4-949f-8b73b7fa7484", "spark.service.spark_version" : "1.6" }}' https://spark.bluemix.net/v1/submissions/status/driver-20161213005238-0448-cdab5072-ee23-4eeb-8287-3a525481a3ab
call_status_REST result: HTTP/1.1 200 OK
Server: nginx
Date: Tue, 13 Dec 2016 06:54:25 GMT
Content-Type: application/json;charset=utf-8
Content-Length: 212
Connection: keep-alive

{
  "action" : "SubmissionStatusResponse",
  "driverState" : "RUNNING",
  "serverSparkVersion" : "1.6.0",
  "submissionId" : "driver-20161213005238-0448-cdab5072-ee23-4eeb-8287-3a525481a3ab",
  "success" : true
}
driverStatus is RUNNING
Next poll in 10 seconds.

Polling job status.  Poll #11.

Getting status
call_status_REST command: curl  -X GET -H 'X-Requested-With: spark-submit' -i --data-binary '{ "sparkProperties" : { "spark.service.tenant_id" : "s154-ebfc2a3b06f1f1-5b69a5467584", "spark.service.instance_id" : "63f1c5fd-503b-488b-a154-ebfc2a3b06f1", "spark.service.tenant_secret" : "c7b8217d-0d33-4fa4-949f-8b73b7fa7484", "spark.service.spark_version" : "1.6" }}' https://spark.bluemix.net/v1/submissions/status/driver-20161213005238-0448-cdab5072-ee23-4eeb-8287-3a525481a3ab
call_status_REST result: HTTP/1.1 200 OK
Server: nginx
Date: Tue, 13 Dec 2016 06:54:36 GMT
Content-Type: application/json;charset=utf-8
Content-Length: 212
Connection: keep-alive

{
  "action" : "SubmissionStatusResponse",
  "driverState" : "RUNNING",
  "serverSparkVersion" : "1.6.0",
  "submissionId" : "driver-20161213005238-0448-cdab5072-ee23-4eeb-8287-3a525481a3ab",
  "success" : true
}
driverStatus is RUNNING
Next poll in 10 seconds.

Polling job status.  Poll #12.

Getting status
call_status_REST command: curl  -X GET -H 'X-Requested-With: spark-submit' -i --data-binary '{ "sparkProperties" : { "spark.service.tenant_id" : "s154-ebfc2a3b06f1f1-5b69a5467584", "spark.service.instance_id" : "63f1c5fd-503b-488b-a154-ebfc2a3b06f1", "spark.service.tenant_secret" : "c7b8217d-0d33-4fa4-949f-8b73b7fa7484", "spark.service.spark_version" : "1.6" }}' https://spark.bluemix.net/v1/submissions/status/driver-20161213005238-0448-cdab5072-ee23-4eeb-8287-3a525481a3ab
call_status_REST result: HTTP/1.1 200 OK
Server: nginx
Date: Tue, 13 Dec 2016 06:54:48 GMT
Content-Type: application/json;charset=utf-8
Content-Length: 212
Connection: keep-alive

{
  "action" : "SubmissionStatusResponse",
  "driverState" : "RUNNING",
  "serverSparkVersion" : "1.6.0",
  "submissionId" : "driver-20161213005238-0448-cdab5072-ee23-4eeb-8287-3a525481a3ab",
  "success" : true
}
driverStatus is RUNNING
Next poll in 10 seconds.

Polling job status.  Poll #13.

Getting status
call_status_REST command: curl  -X GET -H 'X-Requested-With: spark-submit' -i --data-binary '{ "sparkProperties" : { "spark.service.tenant_id" : "s154-ebfc2a3b06f1f1-5b69a5467584", "spark.service.instance_id" : "63f1c5fd-503b-488b-a154-ebfc2a3b06f1", "spark.service.tenant_secret" : "c7b8217d-0d33-4fa4-949f-8b73b7fa7484", "spark.service.spark_version" : "1.6" }}' https://spark.bluemix.net/v1/submissions/status/driver-20161213005238-0448-cdab5072-ee23-4eeb-8287-3a525481a3ab
call_status_REST result: HTTP/1.1 200 OK
Server: nginx
Date: Tue, 13 Dec 2016 06:55:00 GMT
Content-Type: application/json;charset=utf-8
Content-Length: 212
Connection: keep-alive

{
  "action" : "SubmissionStatusResponse",
  "driverState" : "RUNNING",
  "serverSparkVersion" : "1.6.0",
  "submissionId" : "driver-20161213005238-0448-cdab5072-ee23-4eeb-8287-3a525481a3ab",
  "success" : true
}
driverStatus is RUNNING
Next poll in 10 seconds.

Polling job status.  Poll #14.

Getting status
call_status_REST command: curl  -X GET -H 'X-Requested-With: spark-submit' -i --data-binary '{ "sparkProperties" : { "spark.service.tenant_id" : "s154-ebfc2a3b06f1f1-5b69a5467584", "spark.service.instance_id" : "63f1c5fd-503b-488b-a154-ebfc2a3b06f1", "spark.service.tenant_secret" : "c7b8217d-0d33-4fa4-949f-8b73b7fa7484", "spark.service.spark_version" : "1.6" }}' https://spark.bluemix.net/v1/submissions/status/driver-20161213005238-0448-cdab5072-ee23-4eeb-8287-3a525481a3ab
call_status_REST result: HTTP/1.1 200 OK
Server: nginx
Date: Tue, 13 Dec 2016 06:55:11 GMT
Content-Type: application/json;charset=utf-8
Content-Length: 212
Connection: keep-alive

{
  "action" : "SubmissionStatusResponse",
  "driverState" : "RUNNING",
  "serverSparkVersion" : "1.6.0",
  "submissionId" : "driver-20161213005238-0448-cdab5072-ee23-4eeb-8287-3a525481a3ab",
  "success" : true
}
driverStatus is RUNNING
Next poll in 10 seconds.

Polling job status.  Poll #15.

Getting status
call_status_REST command: curl  -X GET -H 'X-Requested-With: spark-submit' -i --data-binary '{ "sparkProperties" : { "spark.service.tenant_id" : "s154-ebfc2a3b06f1f1-5b69a5467584", "spark.service.instance_id" : "63f1c5fd-503b-488b-a154-ebfc2a3b06f1", "spark.service.tenant_secret" : "c7b8217d-0d33-4fa4-949f-8b73b7fa7484", "spark.service.spark_version" : "1.6" }}' https://spark.bluemix.net/v1/submissions/status/driver-20161213005238-0448-cdab5072-ee23-4eeb-8287-3a525481a3ab
call_status_REST result: HTTP/1.1 200 OK
Server: nginx
Date: Tue, 13 Dec 2016 06:55:23 GMT
Content-Type: application/json;charset=utf-8
Content-Length: 212
Connection: keep-alive

{
  "action" : "SubmissionStatusResponse",
  "driverState" : "RUNNING",
  "serverSparkVersion" : "1.6.0",
  "submissionId" : "driver-20161213005238-0448-cdab5072-ee23-4eeb-8287-3a525481a3ab",
  "success" : true
}
driverStatus is RUNNING
Next poll in 10 seconds.

Polling job status.  Poll #16.

Getting status
call_status_REST command: curl  -X GET -H 'X-Requested-With: spark-submit' -i --data-binary '{ "sparkProperties" : { "spark.service.tenant_id" : "s154-ebfc2a3b06f1f1-5b69a5467584", "spark.service.instance_id" : "63f1c5fd-503b-488b-a154-ebfc2a3b06f1", "spark.service.tenant_secret" : "c7b8217d-0d33-4fa4-949f-8b73b7fa7484", "spark.service.spark_version" : "1.6" }}' https://spark.bluemix.net/v1/submissions/status/driver-20161213005238-0448-cdab5072-ee23-4eeb-8287-3a525481a3ab
call_status_REST result: HTTP/1.1 200 OK
Server: nginx
Date: Tue, 13 Dec 2016 06:55:35 GMT
Content-Type: application/json;charset=utf-8
Content-Length: 212
Connection: keep-alive

{
  "action" : "SubmissionStatusResponse",
  "driverState" : "RUNNING",
  "serverSparkVersion" : "1.6.0",
  "submissionId" : "driver-20161213005238-0448-cdab5072-ee23-4eeb-8287-3a525481a3ab",
  "success" : true
}
driverStatus is RUNNING
Next poll in 10 seconds.

Polling job status.  Poll #17.

Getting status
call_status_REST command: curl  -X GET -H 'X-Requested-With: spark-submit' -i --data-binary '{ "sparkProperties" : { "spark.service.tenant_id" : "s154-ebfc2a3b06f1f1-5b69a5467584", "spark.service.instance_id" : "63f1c5fd-503b-488b-a154-ebfc2a3b06f1", "spark.service.tenant_secret" : "c7b8217d-0d33-4fa4-949f-8b73b7fa7484", "spark.service.spark_version" : "1.6" }}' https://spark.bluemix.net/v1/submissions/status/driver-20161213005238-0448-cdab5072-ee23-4eeb-8287-3a525481a3ab
call_status_REST result: HTTP/1.1 200 OK
Server: nginx
Date: Tue, 13 Dec 2016 06:55:47 GMT
Content-Type: application/json;charset=utf-8
Content-Length: 212
Connection: keep-alive

{
  "action" : "SubmissionStatusResponse",
  "driverState" : "RUNNING",
  "serverSparkVersion" : "1.6.0",
  "submissionId" : "driver-20161213005238-0448-cdab5072-ee23-4eeb-8287-3a525481a3ab",
  "success" : true
}
driverStatus is RUNNING
Next poll in 10 seconds.

Polling job status.  Poll #18.

Getting status
call_status_REST command: curl  -X GET -H 'X-Requested-With: spark-submit' -i --data-binary '{ "sparkProperties" : { "spark.service.tenant_id" : "s154-ebfc2a3b06f1f1-5b69a5467584", "spark.service.instance_id" : "63f1c5fd-503b-488b-a154-ebfc2a3b06f1", "spark.service.tenant_secret" : "c7b8217d-0d33-4fa4-949f-8b73b7fa7484", "spark.service.spark_version" : "1.6" }}' https://spark.bluemix.net/v1/submissions/status/driver-20161213005238-0448-cdab5072-ee23-4eeb-8287-3a525481a3ab
call_status_REST result: HTTP/1.1 200 OK
Server: nginx
Date: Tue, 13 Dec 2016 06:55:58 GMT
Content-Type: application/json;charset=utf-8
Content-Length: 212
Connection: keep-alive

{
  "action" : "SubmissionStatusResponse",
  "driverState" : "RUNNING",
  "serverSparkVersion" : "1.6.0",
  "submissionId" : "driver-20161213005238-0448-cdab5072-ee23-4eeb-8287-3a525481a3ab",
  "success" : true
}
driverStatus is RUNNING
Next poll in 10 seconds.

Polling job status.  Poll #19.

Getting status
call_status_REST command: curl  -X GET -H 'X-Requested-With: spark-submit' -i --data-binary '{ "sparkProperties" : { "spark.service.tenant_id" : "s154-ebfc2a3b06f1f1-5b69a5467584", "spark.service.instance_id" : "63f1c5fd-503b-488b-a154-ebfc2a3b06f1", "spark.service.tenant_secret" : "c7b8217d-0d33-4fa4-949f-8b73b7fa7484", "spark.service.spark_version" : "1.6" }}' https://spark.bluemix.net/v1/submissions/status/driver-20161213005238-0448-cdab5072-ee23-4eeb-8287-3a525481a3ab
call_status_REST result: HTTP/1.1 200 OK
Server: nginx
Date: Tue, 13 Dec 2016 06:56:11 GMT
Content-Type: application/json;charset=utf-8
Content-Length: 213
Connection: keep-alive

{
  "action" : "SubmissionStatusResponse",
  "driverState" : "FINISHED",
  "serverSparkVersion" : "1.6.0",
  "submissionId" : "driver-20161213005238-0448-cdab5072-ee23-4eeb-8287-3a525481a3ab",
  "success" : true
}
driverStatus is FINISHED

Job finished

Downloading stdout_1481611943N
server2local command: curl  -X GET -u s154-ebfc2a3b06f1f1-5b69a5467584:c7b8217d-0d33-4fa4-949f-8b73b7fa7484 -H 'X-Spark-service-instance-id: 63f1c5fd-503b-488b-a154-ebfc2a3b06f1' -D 'stdout_1481611943N.header' https://spark.bluemix.net/tenant/data/workdir/driver-20161213005238-0448-cdab5072-ee23-4eeb-8287-3a525481a3ab/stdout

Downloading stderr_1481611943N
server2local command: curl  -X GET -u s154-ebfc2a3b06f1f1-5b69a5467584:c7b8217d-0d33-4fa4-949f-8b73b7fa7484 -H 'X-Spark-service-instance-id: 63f1c5fd-503b-488b-a154-ebfc2a3b06f1' -D 'stderr_1481611943N.header' https://spark.bluemix.net/tenant/data/workdir/driver-20161213005238-0448-cdab5072-ee23-4eeb-8287-3a525481a3ab/stderr

Deleting workspace on server
deleteFolderOnServer command: curl  -X DELETE -u s154-ebfc2a3b06f1f1-5b69a5467584:c7b8217d-0d33-4fa4-949f-8b73b7fa7484 -H 'X-Spark-service-instance-id: 63f1c5fd-503b-488b-a154-ebfc2a3b06f1' https://spark.bluemix.net/tenant/data/51ebe44be78fc51ebfaeadd56b45da6b0973699c
deleteFolderOnServer result: {}

Submission complete.
spark-submit log file: spark-submit_1481611943N.log
View job's stdout log at stdout_1481611943N
View job's stderr log at stderr_1481611943N
